<?xml version="1.0" encoding="UTF-8"?>
<!-- Generated by org.testng.reporters.JUnitXMLReporter -->
<testsuite ignored="0" hostname="Deepthi" failures="1" tests="1" name="Surefire test" time="0.48" errors="0" timestamp="2024-06-16T19:27:56 IST">
  <testcase classname="io.cucumber.testng.AbstractTestNGCucumberTests" name="runScenario" time="0.076">
    <failure type="io.cucumber.core.exception.CucumberException" message="Failed to instantiate class stepdefinitions.DP1Steps">
      <![CDATA[io.cucumber.core.exception.CucumberException: Failed to instantiate class stepdefinitions.DP1Steps
at io.cucumber.core.backend.DefaultObjectFactory.cacheNewInstance(DefaultObjectFactory.java:67)
at io.cucumber.core.backend.DefaultObjectFactory.getInstance(DefaultObjectFactory.java:45)
at io.cucumber.java.AbstractGlueDefinition.invokeMethod(AbstractGlueDefinition.java:47)
at io.cucumber.java.JavaStepDefinition.execute(JavaStepDefinition.java:29)
at io.cucumber.core.runner.CoreStepDefinition.execute(CoreStepDefinition.java:66)
at io.cucumber.core.runner.PickleStepDefinitionMatch.runStep(PickleStepDefinitionMatch.java:63)
at io.cucumber.core.runner.ExecutionMode$1.execute(ExecutionMode.java:10)
at io.cucumber.core.runner.TestStep.executeStep(TestStep.java:84)
at io.cucumber.core.runner.TestStep.run(TestStep.java:56)
at io.cucumber.core.runner.PickleStepTestStep.run(PickleStepTestStep.java:51)
at io.cucumber.core.runner.TestCase.run(TestCase.java:84)
at io.cucumber.core.runner.Runner.runPickle(Runner.java:75)
at io.cucumber.testng.TestNGCucumberRunner.lambda$runScenario$1(TestNGCucumberRunner.java:132)
at io.cucumber.core.runtime.CucumberExecutionContext.lambda$runTestCase$5(CucumberExecutionContext.java:137)
at io.cucumber.core.runtime.RethrowingThrowableCollector.executeAndThrow(RethrowingThrowableCollector.java:23)
at io.cucumber.core.runtime.CucumberExecutionContext.runTestCase(CucumberExecutionContext.java:137)
at io.cucumber.testng.TestNGCucumberRunner.runScenario(TestNGCucumberRunner.java:129)
at io.cucumber.testng.AbstractTestNGCucumberTests.runScenario(AbstractTestNGCucumberTests.java:35)
at java.base/java.util.ArrayList.forEach(ArrayList.java:1597)
at io.cucumber.core.backend.DefaultObjectFactory.cacheNewInstance(DefaultObjectFactory.java:53)
... 48 more
Caused by: java.lang.Error: Unresolved compilation problems: 
The import common cannot be resolved
The import pageobject cannot be resolved
DP1HomePage cannot be resolved to a type
DP1HomePage cannot be resolved to a type
DriverUtilities cannot be resolved to a type
DriverUtilities cannot be resolved to a type
DriverUtilities cannot be resolved to a type
DriverUtilities cannot be resolved to a type
DriverUtilities cannot be resolved to a type
DriverUtilities cannot be resolved to a type
DriverUtilities cannot be resolved to a type
DP1HomePage cannot be resolved to a type
DP1HomePage cannot be resolved to a type
DP1HomePage cannot be resolved to a type
DP1HomePage cannot be resolved to a type
DriverUtilities cannot be resolved to a type
DriverUtilities cannot be resolved to a type
DriverUtilities cannot be resolved to a type

at stepdefinitions.DP1Steps.<init>(DP1Steps.java:25)
... 51 more
... Removed 35 stack frames]]>
    </failure>
  </testcase> <!-- runScenario -->
</testsuite> <!-- Surefire test -->
